app/build/outputs/logs/manifest-merger-debug-report.txt
-- Merging decision tree log ---
manifest
ADDED from src\main\AndroidManifest.xml:2:1-59:12
	package
		ADDED from src\main\AndroidManifest.xml:3:5-35
		INJECTED from src\main\AndroidManifest.xml
		INJECTED from src\main\AndroidManifest.xml
	android:versionName
		ADDED from src\main\AndroidManifest.xml:5:5-30
		INJECTED from src\main\AndroidManifest.xml
		INJECTED from src\main\AndroidManifest.xml
	android:versionCode
		ADDED from src\main\AndroidManifest.xml:4:5-28
		INJECTED from src\main\AndroidManifest.xml
		INJECTED from src\main\AndroidManifest.xml
	xmlns:android
		ADDED from src\main\AndroidManifest.xml:2:11-69
uses-sdk
ADDED from src\main\AndroidManifest.xml:7:5-9:41
MERGED from [com.android.support:appcompat-v7:19.1.0] AndroidManifest.xml:18:5-42
	android:targetSdkVersion
		ADDED from src\main\AndroidManifest.xml:9:9-38
		INJECTED from src\main\AndroidManifest.xml
		INJECTED from src\main\AndroidManifest.xml
	android:minSdkVersion
		ADDED from src\main\AndroidManifest.xml:8:9-35
		INJECTED from src\main\AndroidManifest.xml
		INJECTED from src\main\AndroidManifest.xml
uses-permission#android.permission.CAMERA
ADDED from src\main\AndroidManifest.xml:10:5-64
	android:name
		ADDED from src\main\AndroidManifest.xml:10:22-62
uses-permission#android.permission.WRITE_EXTERNAL_STORAGE
ADDED from src\main\AndroidManifest.xml:11:5-81
	android:name
		ADDED from src\main\AndroidManifest.xml:11:22-78
uses-permission#android.permission.READ_EXTERNAL_STORAGE
ADDED from src\main\AndroidManifest.xml:12:5-80
	android:name
		ADDED from src\main\AndroidManifest.xml:12:22-77
uses-permission#android.permission.BLUETOOTH_ADMIN
ADDED from src\main\AndroidManifest.xml:13:5-74
	android:name
		ADDED from src\main\AndroidManifest.xml:13:22-71
uses-permission#android.permission.BLUETOOTH
ADDED from src\main\AndroidManifest.xml:14:2-65
	android:name
		ADDED from src\main\AndroidManifest.xml:14:19-62
uses-feature#android.hardware.camera
ADDED from src\main\AndroidManifest.xml:15:2-56
	android:name
		ADDED from src\main\AndroidManifest.xml:15:16-54
uses-feature#android.hardware.camera.autofocus
ADDED from src\main\AndroidManifest.xml:16:2-66
	android:name
		ADDED from src\main\AndroidManifest.xml:16:16-64
uses-permission#android.permission.VIBRATE
ADDED from src\main\AndroidManifest.xml:17:5-65
	android:name
		ADDED from src\main\AndroidManifest.xml:17:22-63
application
ADDED from src\main\AndroidManifest.xml:19:5-57:19
MERGED from [com.android.support:appcompat-v7:19.1.0] AndroidManifest.xml:19:5-20
	android:label
		ADDED from src\main\AndroidManifest.xml:22:9-41
	android:allowBackup
		ADDED from src\main\AndroidManifest.xml:20:9-35
	android:icon
		ADDED from src\main\AndroidManifest.xml:21:9-47
	android:theme
		ADDED from src\main\AndroidManifest.xml:23:9-40
activity#com.example.selfshot.MainActivity
ADDED from src\main\AndroidManifest.xml:24:9-34:20
	android:screenOrientation
		ADDED from src\main\AndroidManifest.xml:26:13-50
	android:label
		ADDED from src\main\AndroidManifest.xml:27:13-45
	android:theme
		ADDED from src\main\AndroidManifest.xml:28:13-71
	android:name
		ADDED from src\main\AndroidManifest.xml:25:13-61
activity#com.example.selfshot.IntroActivity
ADDED from src\main\AndroidManifest.xml:36:9-42:20
	android:label
		ADDED from src\main\AndroidManifest.xml:36:48-80
	android:name
		ADDED from src\main\AndroidManifest.xml:36:19-47
intent-filter#android.intent.action.MAIN+android.intent.category.LAUNCHER
ADDED from src\main\AndroidManifest.xml:37:13-41:29
action#android.intent.action.MAIN
ADDED from src\main\AndroidManifest.xml:38:17-69
	android:name
		ADDED from src\main\AndroidManifest.xml:38:25-66
category#android.intent.category.LAUNCHER
ADDED from src\main\AndroidManifest.xml:40:17-77
	android:name
		ADDED from src\main\AndroidManifest.xml:40:27-74
activity#com.example.selfshot.DeviceListActivity
ADDED from src\main\AndroidManifest.xml:44:9-48:61
	android:label
		ADDED from src\main\AndroidManifest.xml:46:8-45
	android:configChanges
		ADDED from src\main\AndroidManifest.xml:48:8-58
	android:theme
		ADDED from src\main\AndroidManifest.xml:47:8-51
	android:name
		ADDED from src\main\AndroidManifest.xml:45:8-62
activity#com.example.selfshot.DeviceListActivity2
ADDED from src\main\AndroidManifest.xml:50:9-54:61
	android:label
		ADDED from src\main\AndroidManifest.xml:52:8-45
	android:configChanges
		ADDED from src\main\AndroidManifest.xml:54:8-58
	android:theme
		ADDED from src\main\AndroidManifest.xml:53:8-51
	android:name
		ADDED from src\main\AndroidManifest.xml:51:8-63
activity#com.example.selfshot.BtActivity
ADDED from src\main\AndroidManifest.xml:56:9-102
	android:label
		ADDED from src\main\AndroidManifest.xml:56:66-90
	android:name
		ADDED from src\main\AndroidManifest.xml:56:19-65